<?xml version="1.0" encoding="UTF-8"?>
<!-- Generated by org.testng.reporters.JUnitXMLReporter -->
<testsuite ignored="0" hostname="SATISH" failures="1" tests="1" name="Test" time="10.761" errors="0" timestamp="2023-01-11T19:53:39 IST">
  <testcase classname="Assert.soft" name="Run" time="6.896">
    <failure type="java.lang.AssertionError" message="The following asserts failed:
	expected [hello] but found [Log in to Facebook]">
      <![CDATA[java.lang.AssertionError: The following asserts failed:
expected [hello] but found [Log in to Facebook]
at Assert.soft.Run(soft.java:41)
at java.base/java.util.ArrayList.forEach(ArrayList.java:1541)
... Removed 29 stack frames]]>
    </failure>
  </testcase> <!-- Run -->
</testsuite> <!-- Test -->
